error: expected one of `;` or `as`, found `fn`
 --> bogofile:4:1
  |
4 | fn main() {}
  | ^^

error: expected one of `;` or `as`, found `fn`
 --> bogofile:4:1
  |
4 | fn main() {}
  | ^^

error: expected one of `;` or `as`, found `fn`
 --> bogofile:4:1
  |
4 | fn main() {}
  | ^^

error: expected one of `;` or `as`, found `fn`
 --> bogofile:4:1
  |
4 | fn main() {}
  | ^^

error: expected one of `;` or `as`, found `fn`
 --> bogofile:4:1
  |
4 | fn main() {}
  | ^^

error: expected one of `;` or `as`, found `fn`
 --> bogofile:4:1
  |
4 | fn main() {}
  | ^^

error: expected identifier, found keyword `fn`
 --> bogofile:4:1
  |
4 | fn main() {}
  | ^^

error: expected expression, found `<eof>`
 --> bogofile:1:25
  |
1 | pub struct Version([u16;
  |                         ^

error: expected one of `;`, `<`, `break`, `continue`, `false`, `for`, `if`, `loop`, `match`, `move`, `return`, `true`, `unsafe`, `where`, or `while`, found `<eof>`
 --> bogofile:1:25
  |
1 | pub struct Version([u16;
  |                         ^

